<?xml version="1.0" encoding="UTF-8"?>
<!-- Generated by org.testng.reporters.JUnitReportReporter -->
<testsuite hostname="DHIRAJ" failures="0" tests="1" name="com.api.runner.Scripts.ScriptRunnerShoppersec" time="0.265" errors="0" timestamp="2025-01-02T13:31:12 IST" skipped="0">
  <testcase classname="com.api.runner.Scripts.ScriptRunnerShoppersec" name="create" time="0.265"/>
</testsuite> <!-- com.api.runner.Scripts.ScriptRunnerShoppersec -->
