<?xml version="1.0" encoding="UTF-8"?>
<!-- Generated by org.testng.reporters.JUnitReportReporter -->
<testsuite hostname="DHIRAJ" failures="0" tests="1" name="com.api.runner.Scripts.loginShopper" time="4.964" errors="0" timestamp="2025-01-03T10:23:47 IST" skipped="0">
  <testcase classname="com.api.runner.Scripts.loginShopper" name="login" time="4.964"/>
</testsuite> <!-- com.api.runner.Scripts.loginShopper -->
