<?xml version="1.0" encoding="UTF-8"?>
<!-- Generated by org.testng.reporters.JUnitReportReporter -->
<testsuite hostname="DHIRAJ" failures="0" tests="1" name="com.api.runner.Scripts.ScriptRunnerShopper" time="5.556" errors="0" timestamp="2025-01-03T09:50:28 IST" skipped="0">
  <testcase classname="com.api.runner.Scripts.ScriptRunnerShopper" name="create" time="5.556"/>
</testsuite> <!-- com.api.runner.Scripts.ScriptRunnerShopper -->
